<?xml version="1.0" encoding="UTF-8"?>
<!-- Generated by org.testng.reporters.JUnitXMLReporter -->
<testsuite ignored="0" hostname="D-284000547" failures="0" tests="3" name="Default test" time="0.078" errors="0" timestamp="01 Feb 2019 06:29:34 GMT">
  <testcase classname="test.Day3" name="APIlogincarloan" time="0.015"/>
  <testcase classname="test.Day3" name="mobilelogincarloan" time="0.0"/>
  <testcase classname="test.Day3" name="weblogincarloan" time="0.016"/>
</testsuite> <!-- Default test -->
