<?xml version="1.0" encoding="UTF-8"?>
<!-- Generated by org.testng.reporters.JUnitXMLReporter -->
<testsuite ignored="2" hostname="D-284000547" failures="0" tests="1" name="car_loan" time="0.006" errors="0" timestamp="01 Feb 2019 05:05:48 GMT">
  <testcase classname="test.Day3" name="mobilelogincarloan" time="0.003"/>
  <testcase classname="test.Day3" name="APIlogincarloan" time="0.0">
    <ignored/>
  </testcase> <!-- APIlogincarloan -->
  <testcase classname="test.Day3" name="weblogincarloan" time="0.0">
    <ignored/>
  </testcase> <!-- weblogincarloan -->
</testsuite> <!-- car_loan -->
