<?xml version="1.0" encoding="UTF-8"?>
<!-- Generated by org.testng.reporters.JUnitXMLReporter -->
<testsuite ignored="0" hostname="D-284000547" failures="0" tests="3" name="home_loan" time="0.016" errors="0" timestamp="01 Feb 2019 05:05:48 GMT">
  <testcase classname="test.Day4" name="APIloginhomeloan" time="0.002"/>
  <testcase classname="test.Day4" name="mobileloginhomeloan" time="0.002"/>
  <testcase classname="test.Day4" name="webloginhomeloan" time="0.001"/>
</testsuite> <!-- home_loan -->
