<?xml version="1.0" encoding="UTF-8"?>
<!-- Generated by org.testng.reporters.JUnitXMLReporter -->
<testsuite ignored="3" hostname="D-284000547" failures="0" tests="3" name="Test" time="0.062" errors="0" timestamp="01 Feb 2019 06:32:26 GMT">
  <testcase classname="test.Day4" name="APIloginhomeloan" time="0.016"/>
  <testcase classname="test.Day4" name="mobileloginhomeloan" time="0.0"/>
  <testcase classname="test.Day4" name="webloginhomeloan" time="0.015"/>
  <testcase classname="test.Day3" name="mobilelogincarloan" time="0.0">
    <ignored/>
  </testcase> <!-- mobilelogincarloan -->
  <testcase classname="test.Day3" name="APIlogincarloan" time="0.0">
    <ignored/>
  </testcase> <!-- APIlogincarloan -->
  <testcase classname="test.Day3" name="weblogincarloan" time="0.0">
    <ignored/>
  </testcase> <!-- weblogincarloan -->
</testsuite> <!-- Test -->
