<?xml version="1.0" encoding="UTF-8"?>
<testng-results ignored="3" total="6" passed="3" failed="0" skipped="0">
  <reporter-output>
  </reporter-output>
  <suite started-at="2019-02-01T06:32:26Z" name="Suite" finished-at="2019-02-01T06:32:26Z" duration-ms="62">
    <groups>
    </groups>
    <test started-at="2019-02-01T06:32:26Z" name="Test" finished-at="2019-02-01T06:32:26Z" duration-ms="62">
      <class name="test.Day4">
        <test-method signature="APIloginhomeloan()[pri:0, instance:test.Day4@6ed3ccb2]" started-at="2019-02-01T06:32:26Z" name="APIloginhomeloan" finished-at="2019-02-01T06:32:26Z" duration-ms="16" status="PASS">
          <reporter-output>
          </reporter-output>
        </test-method> <!-- APIloginhomeloan -->
        <test-method signature="webloginhomeloan()[pri:0, instance:test.Day4@6ed3ccb2]" started-at="2019-02-01T06:32:26Z" name="webloginhomeloan" finished-at="2019-02-01T06:32:26Z" duration-ms="15" status="PASS">
          <reporter-output>
          </reporter-output>
        </test-method> <!-- webloginhomeloan -->
        <test-method signature="mobileloginhomeloan()[pri:0, instance:test.Day4@6ed3ccb2]" started-at="2019-02-01T06:32:26Z" name="mobileloginhomeloan" finished-at="2019-02-01T06:32:26Z" duration-ms="0" status="PASS">
          <reporter-output>
          </reporter-output>
        </test-method> <!-- mobileloginhomeloan -->
      </class> <!-- test.Day4 -->
    </test> <!-- Test -->
  </suite> <!-- Suite -->
</testng-results>
